Traceback (most recent call last):
  File "/home/jshe/prop-pred/env/bin/jupyter-nbconvert", line 11, in <module>
    sys.exit(main())
             ^^^^^^
  File "/home/jshe/prop-pred/env/lib/python3.12/site-packages/jupyter_core/application.py", line 283, in launch_instance
    super().launch_instance(argv=argv, **kwargs)
  File "/home/jshe/prop-pred/env/lib/python3.12/site-packages/traitlets/config/application.py", line 1075, in launch_instance
    app.start()
  File "/home/jshe/prop-pred/env/lib/python3.12/site-packages/nbconvert/nbconvertapp.py", line 420, in start
    self.convert_notebooks()
  File "/home/jshe/prop-pred/env/lib/python3.12/site-packages/nbconvert/nbconvertapp.py", line 582, in convert_notebooks
    raise ValueError(msg)
ValueError: Please specify an output format with '--to <format>'.
The following formats are available: ['asciidoc', 'custom', 'html', 'latex', 'markdown', 'notebook', 'pdf', 'python', 'qtpdf', 'qtpng', 'rst', 'script', 'slides', 'webpdf']
Traceback (most recent call last):
  File "/home/jshe/prop-pred/env/bin/jupyter-nbconvert", line 11, in <module>
    sys.exit(main())
             ^^^^^^
  File "/home/jshe/prop-pred/env/lib/python3.12/site-packages/jupyter_core/application.py", line 283, in launch_instance
    super().launch_instance(argv=argv, **kwargs)
  File "/home/jshe/prop-pred/env/lib/python3.12/site-packages/traitlets/config/application.py", line 1075, in launch_instance
    app.start()
  File "/home/jshe/prop-pred/env/lib/python3.12/site-packages/nbconvert/nbconvertapp.py", line 420, in start
    self.convert_notebooks()
  File "/home/jshe/prop-pred/env/lib/python3.12/site-packages/nbconvert/nbconvertapp.py", line 582, in convert_notebooks
    raise ValueError(msg)
ValueError: Please specify an output format with '--to <format>'.
The following formats are available: ['asciidoc', 'custom', 'html', 'latex', 'markdown', 'notebook', 'pdf', 'python', 'qtpdf', 'qtpng', 'rst', 'script', 'slides', 'webpdf']
